Analysis & Synthesis report for Wii_Nunchuk_Master
Tue Jun 05 18:01:21 2018
Quartus II 64-Bit Version 13.1.0 Build 162 10/23/2013 SJ Web Edition


---------------------
; Table of Contents ;
---------------------
  1. Legal Notice
  2. Analysis & Synthesis Summary
  3. Analysis & Synthesis Settings
  4. Parallel Compilation
  5. Analysis & Synthesis Source Files Read
  6. Analysis & Synthesis Resource Usage Summary
  7. Analysis & Synthesis Resource Utilization by Entity
  8. State Machine - |Wii_Nunchuk_Master|pr_state
  9. User-Specified and Inferred Latches
 10. General Register Statistics
 11. Multiplexer Restructuring Statistics (Restructuring Performed)
 12. Parameter Settings for Inferred Entity Instance: byte_to_ssd:U2|lpm_divide:Div1
 13. Parameter Settings for Inferred Entity Instance: byte_to_ssd:U2|lpm_divide:Mod1
 14. Parameter Settings for Inferred Entity Instance: byte_to_ssd:U2|lpm_divide:Div0
 15. Parameter Settings for Inferred Entity Instance: byte_to_ssd:U2|lpm_divide:Mod0
 16. Parameter Settings for Inferred Entity Instance: byte_to_ssd:U3|lpm_divide:Div1
 17. Parameter Settings for Inferred Entity Instance: byte_to_ssd:U3|lpm_divide:Mod1
 18. Parameter Settings for Inferred Entity Instance: byte_to_ssd:U3|lpm_divide:Div0
 19. Parameter Settings for Inferred Entity Instance: byte_to_ssd:U3|lpm_divide:Mod0
 20. Elapsed Time Per Partition
 21. Analysis & Synthesis Messages



----------------
; Legal Notice ;
----------------
Copyright (C) 1991-2013 Altera Corporation
Your use of Altera Corporation's design tools, logic functions 
and other software and tools, and its AMPP partner logic 
functions, and any output files from any of the foregoing 
(including device programming or simulation files), and any 
associated documentation or information are expressly subject 
to the terms and conditions of the Altera Program License 
Subscription Agreement, Altera MegaCore Function License 
Agreement, or other applicable license agreement, including, 
without limitation, that your use is for the sole purpose of 
programming logic devices manufactured by Altera and sold by 
Altera or its authorized distributors.  Please refer to the 
applicable agreement for further details.



+------------------------------------------------------------------------------+
; Analysis & Synthesis Summary                                                 ;
+---------------------------------+--------------------------------------------+
; Analysis & Synthesis Status     ; Successful - Tue Jun 05 18:01:21 2018      ;
; Quartus II 64-Bit Version       ; 13.1.0 Build 162 10/23/2013 SJ Web Edition ;
; Revision Name                   ; Wii_Nunchuk_Master                         ;
; Top-level Entity Name           ; Wii_Nunchuk_Master                         ;
; Family                          ; Cyclone V                                  ;
; Logic utilization (in ALMs)     ; N/A                                        ;
; Total registers                 ; 36                                         ;
; Total pins                      ; 56                                         ;
; Total virtual pins              ; 0                                          ;
; Total block memory bits         ; 0                                          ;
; Total DSP Blocks                ; 0                                          ;
; Total HSSI RX PCSs              ; 0                                          ;
; Total HSSI PMA RX Deserializers ; 0                                          ;
; Total HSSI TX PCSs              ; 0                                          ;
; Total HSSI TX Channels          ; 0                                          ;
; Total PLLs                      ; 0                                          ;
; Total DLLs                      ; 0                                          ;
+---------------------------------+--------------------------------------------+


+---------------------------------------------------------------------------------------------------------------------------+
; Analysis & Synthesis Settings                                                                                             ;
+---------------------------------------------------------------------------------+--------------------+--------------------+
; Option                                                                          ; Setting            ; Default Value      ;
+---------------------------------------------------------------------------------+--------------------+--------------------+
; Device                                                                          ; 5CEBA4F23C7        ;                    ;
; Top-level entity name                                                           ; Wii_Nunchuk_Master ; Wii_Nunchuk_Master ;
; Family name                                                                     ; Cyclone V          ; Cyclone IV GX      ;
; VHDL Show LMF Mapping Messages                                                  ; Off                ;                    ;
; VHDL Version                                                                    ; VHDL_2008          ; VHDL_1993          ;
; Use smart compilation                                                           ; Off                ; Off                ;
; Enable parallel Assembler and TimeQuest Timing Analyzer during compilation      ; On                 ; On                 ;
; Enable compact report table                                                     ; Off                ; Off                ;
; Restructure Multiplexers                                                        ; Auto               ; Auto               ;
; MLAB Add Timing Constraints For Mixed-Port Feed-Through Mode Setting Don't Care ; Off                ; Off                ;
; Create Debugging Nodes for IP Cores                                             ; Off                ; Off                ;
; Preserve fewer node names                                                       ; On                 ; On                 ;
; Disable OpenCore Plus hardware evaluation                                       ; Off                ; Off                ;
; Verilog Version                                                                 ; Verilog_2001       ; Verilog_2001       ;
; State Machine Processing                                                        ; Auto               ; Auto               ;
; Safe State Machine                                                              ; Off                ; Off                ;
; Extract Verilog State Machines                                                  ; On                 ; On                 ;
; Extract VHDL State Machines                                                     ; On                 ; On                 ;
; Ignore Verilog initial constructs                                               ; Off                ; Off                ;
; Iteration limit for constant Verilog loops                                      ; 5000               ; 5000               ;
; Iteration limit for non-constant Verilog loops                                  ; 250                ; 250                ;
; Add Pass-Through Logic to Inferred RAMs                                         ; On                 ; On                 ;
; Infer RAMs from Raw Logic                                                       ; On                 ; On                 ;
; Parallel Synthesis                                                              ; On                 ; On                 ;
; DSP Block Balancing                                                             ; Auto               ; Auto               ;
; NOT Gate Push-Back                                                              ; On                 ; On                 ;
; Power-Up Don't Care                                                             ; On                 ; On                 ;
; Remove Redundant Logic Cells                                                    ; Off                ; Off                ;
; Remove Duplicate Registers                                                      ; On                 ; On                 ;
; Ignore CARRY Buffers                                                            ; Off                ; Off                ;
; Ignore CASCADE Buffers                                                          ; Off                ; Off                ;
; Ignore GLOBAL Buffers                                                           ; Off                ; Off                ;
; Ignore ROW GLOBAL Buffers                                                       ; Off                ; Off                ;
; Ignore LCELL Buffers                                                            ; Off                ; Off                ;
; Ignore SOFT Buffers                                                             ; On                 ; On                 ;
; Limit AHDL Integers to 32 Bits                                                  ; Off                ; Off                ;
; Optimization Technique                                                          ; Balanced           ; Balanced           ;
; Carry Chain Length                                                              ; 70                 ; 70                 ;
; Auto Carry Chains                                                               ; On                 ; On                 ;
; Auto Open-Drain Pins                                                            ; On                 ; On                 ;
; Perform WYSIWYG Primitive Resynthesis                                           ; Off                ; Off                ;
; Auto ROM Replacement                                                            ; On                 ; On                 ;
; Auto RAM Replacement                                                            ; On                 ; On                 ;
; Auto DSP Block Replacement                                                      ; On                 ; On                 ;
; Auto Shift Register Replacement                                                 ; Auto               ; Auto               ;
; Allow Shift Register Merging across Hierarchies                                 ; Auto               ; Auto               ;
; Auto Clock Enable Replacement                                                   ; On                 ; On                 ;
; Strict RAM Replacement                                                          ; Off                ; Off                ;
; Allow Synchronous Control Signals                                               ; On                 ; On                 ;
; Force Use of Synchronous Clear Signals                                          ; Off                ; Off                ;
; Auto Resource Sharing                                                           ; Off                ; Off                ;
; Allow Any RAM Size For Recognition                                              ; Off                ; Off                ;
; Allow Any ROM Size For Recognition                                              ; Off                ; Off                ;
; Allow Any Shift Register Size For Recognition                                   ; Off                ; Off                ;
; Use LogicLock Constraints during Resource Balancing                             ; On                 ; On                 ;
; Ignore translate_off and synthesis_off directives                               ; Off                ; Off                ;
; Timing-Driven Synthesis                                                         ; On                 ; On                 ;
; Report Parameter Settings                                                       ; On                 ; On                 ;
; Report Source Assignments                                                       ; On                 ; On                 ;
; Report Connectivity Checks                                                      ; On                 ; On                 ;
; Ignore Maximum Fan-Out Assignments                                              ; Off                ; Off                ;
; Synchronization Register Chain Length                                           ; 3                  ; 3                  ;
; PowerPlay Power Optimization                                                    ; Normal compilation ; Normal compilation ;
; HDL message level                                                               ; Level2             ; Level2             ;
; Suppress Register Optimization Related Messages                                 ; Off                ; Off                ;
; Number of Removed Registers Reported in Synthesis Report                        ; 5000               ; 5000               ;
; Number of Swept Nodes Reported in Synthesis Report                              ; 5000               ; 5000               ;
; Number of Inverted Registers Reported in Synthesis Report                       ; 100                ; 100                ;
; Clock MUX Protection                                                            ; On                 ; On                 ;
; Auto Gated Clock Conversion                                                     ; Off                ; Off                ;
; Block Design Naming                                                             ; Auto               ; Auto               ;
; SDC constraint protection                                                       ; Off                ; Off                ;
; Synthesis Effort                                                                ; Auto               ; Auto               ;
; Shift Register Replacement - Allow Asynchronous Clear Signal                    ; On                 ; On                 ;
; Pre-Mapping Resynthesis Optimization                                            ; Off                ; Off                ;
; Analysis & Synthesis Message Level                                              ; Medium             ; Medium             ;
; Disable Register Merging Across Hierarchies                                     ; Auto               ; Auto               ;
; Resource Aware Inference For Block RAM                                          ; On                 ; On                 ;
; Synthesis Seed                                                                  ; 1                  ; 1                  ;
; Automatic Parallel Synthesis                                                    ; On                 ; On                 ;
+---------------------------------------------------------------------------------+--------------------+--------------------+


Parallel compilation was disabled, but you have multiple processors available. Enable parallel compilation to reduce compilation time.
+-------------------------------------+
; Parallel Compilation                ;
+----------------------------+--------+
; Processors                 ; Number ;
+----------------------------+--------+
; Number detected on machine ; 8      ;
; Maximum allowed            ; 1      ;
+----------------------------+--------+


+--------------------------------------------------------------------------------------------------------------------------------------------------------------------------------------------+
; Analysis & Synthesis Source Files Read                                                                                                                                                     ;
+----------------------------------+-----------------+------------------------------+----------------------------------------------------------------------------------------------+---------+
; File Name with User-Entered Path ; Used in Netlist ; File Type                    ; File Name with Absolute Path                                                                 ; Library ;
+----------------------------------+-----------------+------------------------------+----------------------------------------------------------------------------------------------+---------+
; wii_nunchuk_master.vhd           ; yes             ; Auto-Found VHDL File         ; C:/Users/david/Documents/GitHub/I2C_Controller/Wii_Nunchuk_Master/wii_nunchuk_master.vhd     ;         ;
; led_accel.vhd                    ; yes             ; Auto-Found VHDL File         ; C:/Users/david/Documents/GitHub/I2C_Controller/Wii_Nunchuk_Master/led_accel.vhd              ;         ;
; byte_to_ssd.vhd                  ; yes             ; Auto-Found VHDL File         ; C:/Users/david/Documents/GitHub/I2C_Controller/Wii_Nunchuk_Master/byte_to_ssd.vhd            ;         ;
; lpm_divide.tdf                   ; yes             ; Megafunction                 ; c:/altera/13.1/quartus/libraries/megafunctions/lpm_divide.tdf                                ;         ;
; abs_divider.inc                  ; yes             ; Megafunction                 ; c:/altera/13.1/quartus/libraries/megafunctions/abs_divider.inc                               ;         ;
; sign_div_unsign.inc              ; yes             ; Megafunction                 ; c:/altera/13.1/quartus/libraries/megafunctions/sign_div_unsign.inc                           ;         ;
; aglobal131.inc                   ; yes             ; Megafunction                 ; c:/altera/13.1/quartus/libraries/megafunctions/aglobal131.inc                                ;         ;
; db/lpm_divide_8am.tdf            ; yes             ; Auto-Generated Megafunction  ; C:/Users/david/Documents/GitHub/I2C_Controller/Wii_Nunchuk_Master/db/lpm_divide_8am.tdf      ;         ;
; db/sign_div_unsign_ekh.tdf       ; yes             ; Auto-Generated Megafunction  ; C:/Users/david/Documents/GitHub/I2C_Controller/Wii_Nunchuk_Master/db/sign_div_unsign_ekh.tdf ;         ;
; db/alt_u_div_2te.tdf             ; yes             ; Auto-Generated Megafunction  ; C:/Users/david/Documents/GitHub/I2C_Controller/Wii_Nunchuk_Master/db/alt_u_div_2te.tdf       ;         ;
; db/lpm_divide_c2m.tdf            ; yes             ; Auto-Generated Megafunction  ; C:/Users/david/Documents/GitHub/I2C_Controller/Wii_Nunchuk_Master/db/lpm_divide_c2m.tdf      ;         ;
; db/sign_div_unsign_fkh.tdf       ; yes             ; Auto-Generated Megafunction  ; C:/Users/david/Documents/GitHub/I2C_Controller/Wii_Nunchuk_Master/db/sign_div_unsign_fkh.tdf ;         ;
; db/alt_u_div_4te.tdf             ; yes             ; Auto-Generated Megafunction  ; C:/Users/david/Documents/GitHub/I2C_Controller/Wii_Nunchuk_Master/db/alt_u_div_4te.tdf       ;         ;
; db/lpm_divide_5am.tdf            ; yes             ; Auto-Generated Megafunction  ; C:/Users/david/Documents/GitHub/I2C_Controller/Wii_Nunchuk_Master/db/lpm_divide_5am.tdf      ;         ;
; db/sign_div_unsign_bkh.tdf       ; yes             ; Auto-Generated Megafunction  ; C:/Users/david/Documents/GitHub/I2C_Controller/Wii_Nunchuk_Master/db/sign_div_unsign_bkh.tdf ;         ;
; db/alt_u_div_sse.tdf             ; yes             ; Auto-Generated Megafunction  ; C:/Users/david/Documents/GitHub/I2C_Controller/Wii_Nunchuk_Master/db/alt_u_div_sse.tdf       ;         ;
+----------------------------------+-----------------+------------------------------+----------------------------------------------------------------------------------------------+---------+


+-----------------------------------------------------+
; Analysis & Synthesis Resource Usage Summary         ;
+---------------------------------------------+-------+
; Resource                                    ; Usage ;
+---------------------------------------------+-------+
; Estimate of Logic utilization (ALMs needed) ; 353   ;
;                                             ;       ;
; Combinational ALUT usage for logic          ; 643   ;
;     -- 7 input functions                    ; 2     ;
;     -- 6 input functions                    ; 61    ;
;     -- 5 input functions                    ; 56    ;
;     -- 4 input functions                    ; 103   ;
;     -- <=3 input functions                  ; 421   ;
;                                             ;       ;
; Dedicated logic registers                   ; 36    ;
;                                             ;       ;
; I/O pins                                    ; 56    ;
; Total DSP Blocks                            ; 0     ;
; Maximum fan-out node                        ; DP[0] ;
; Maximum fan-out                             ; 54    ;
; Total fan-out                               ; 2395  ;
; Average fan-out                             ; 3.02  ;
+---------------------------------------------+-------+


+-----------------------------------------------------------------------------------------------------------------------------------------------------------------------------------------------------------------------------------------------------------------------------------------+
; Analysis & Synthesis Resource Utilization by Entity                                                                                                                                                                                                                                     ;
+-------------------------------------------+-------------------+--------------+-------------------+------------+------+--------------+------------------------------------------------------------------------------------------------------------------------------------+--------------+
; Compilation Hierarchy Node                ; LC Combinationals ; LC Registers ; Block Memory Bits ; DSP Blocks ; Pins ; Virtual Pins ; Full Hierarchy Name                                                                                                                ; Library Name ;
+-------------------------------------------+-------------------+--------------+-------------------+------------+------+--------------+------------------------------------------------------------------------------------------------------------------------------------+--------------+
; |Wii_Nunchuk_Master                       ; 643 (182)         ; 36 (36)      ; 0                 ; 0          ; 56   ; 0            ; |Wii_Nunchuk_Master                                                                                                                ; work         ;
;    |LED_Accel:U1|                         ; 69 (69)           ; 0 (0)        ; 0                 ; 0          ; 0    ; 0            ; |Wii_Nunchuk_Master|LED_Accel:U1                                                                                                   ; work         ;
;    |byte_to_ssd:U2|                       ; 196 (17)          ; 0 (0)        ; 0                 ; 0          ; 0    ; 0            ; |Wii_Nunchuk_Master|byte_to_ssd:U2                                                                                                 ; work         ;
;       |lpm_divide:Div0|                   ; 47 (0)            ; 0 (0)        ; 0                 ; 0          ; 0    ; 0            ; |Wii_Nunchuk_Master|byte_to_ssd:U2|lpm_divide:Div0                                                                                 ; work         ;
;          |lpm_divide_5am:auto_generated|  ; 47 (0)            ; 0 (0)        ; 0                 ; 0          ; 0    ; 0            ; |Wii_Nunchuk_Master|byte_to_ssd:U2|lpm_divide:Div0|lpm_divide_5am:auto_generated                                                   ; work         ;
;             |sign_div_unsign_bkh:divider| ; 47 (0)            ; 0 (0)        ; 0                 ; 0          ; 0    ; 0            ; |Wii_Nunchuk_Master|byte_to_ssd:U2|lpm_divide:Div0|lpm_divide_5am:auto_generated|sign_div_unsign_bkh:divider                       ; work         ;
;                |alt_u_div_sse:divider|    ; 47 (47)           ; 0 (0)        ; 0                 ; 0          ; 0    ; 0            ; |Wii_Nunchuk_Master|byte_to_ssd:U2|lpm_divide:Div0|lpm_divide_5am:auto_generated|sign_div_unsign_bkh:divider|alt_u_div_sse:divider ; work         ;
;       |lpm_divide:Div1|                   ; 24 (0)            ; 0 (0)        ; 0                 ; 0          ; 0    ; 0            ; |Wii_Nunchuk_Master|byte_to_ssd:U2|lpm_divide:Div1                                                                                 ; work         ;
;          |lpm_divide_8am:auto_generated|  ; 24 (0)            ; 0 (0)        ; 0                 ; 0          ; 0    ; 0            ; |Wii_Nunchuk_Master|byte_to_ssd:U2|lpm_divide:Div1|lpm_divide_8am:auto_generated                                                   ; work         ;
;             |sign_div_unsign_ekh:divider| ; 24 (0)            ; 0 (0)        ; 0                 ; 0          ; 0    ; 0            ; |Wii_Nunchuk_Master|byte_to_ssd:U2|lpm_divide:Div1|lpm_divide_8am:auto_generated|sign_div_unsign_ekh:divider                       ; work         ;
;                |alt_u_div_2te:divider|    ; 24 (24)           ; 0 (0)        ; 0                 ; 0          ; 0    ; 0            ; |Wii_Nunchuk_Master|byte_to_ssd:U2|lpm_divide:Div1|lpm_divide_8am:auto_generated|sign_div_unsign_ekh:divider|alt_u_div_2te:divider ; work         ;
;       |lpm_divide:Mod0|                   ; 67 (0)            ; 0 (0)        ; 0                 ; 0          ; 0    ; 0            ; |Wii_Nunchuk_Master|byte_to_ssd:U2|lpm_divide:Mod0                                                                                 ; work         ;
;          |lpm_divide_c2m:auto_generated|  ; 67 (0)            ; 0 (0)        ; 0                 ; 0          ; 0    ; 0            ; |Wii_Nunchuk_Master|byte_to_ssd:U2|lpm_divide:Mod0|lpm_divide_c2m:auto_generated                                                   ; work         ;
;             |sign_div_unsign_fkh:divider| ; 67 (0)            ; 0 (0)        ; 0                 ; 0          ; 0    ; 0            ; |Wii_Nunchuk_Master|byte_to_ssd:U2|lpm_divide:Mod0|lpm_divide_c2m:auto_generated|sign_div_unsign_fkh:divider                       ; work         ;
;                |alt_u_div_4te:divider|    ; 67 (67)           ; 0 (0)        ; 0                 ; 0          ; 0    ; 0            ; |Wii_Nunchuk_Master|byte_to_ssd:U2|lpm_divide:Mod0|lpm_divide_c2m:auto_generated|sign_div_unsign_fkh:divider|alt_u_div_4te:divider ; work         ;
;       |lpm_divide:Mod1|                   ; 41 (0)            ; 0 (0)        ; 0                 ; 0          ; 0    ; 0            ; |Wii_Nunchuk_Master|byte_to_ssd:U2|lpm_divide:Mod1                                                                                 ; work         ;
;          |lpm_divide_c2m:auto_generated|  ; 41 (0)            ; 0 (0)        ; 0                 ; 0          ; 0    ; 0            ; |Wii_Nunchuk_Master|byte_to_ssd:U2|lpm_divide:Mod1|lpm_divide_c2m:auto_generated                                                   ; work         ;
;             |sign_div_unsign_fkh:divider| ; 41 (0)            ; 0 (0)        ; 0                 ; 0          ; 0    ; 0            ; |Wii_Nunchuk_Master|byte_to_ssd:U2|lpm_divide:Mod1|lpm_divide_c2m:auto_generated|sign_div_unsign_fkh:divider                       ; work         ;
;                |alt_u_div_4te:divider|    ; 41 (41)           ; 0 (0)        ; 0                 ; 0          ; 0    ; 0            ; |Wii_Nunchuk_Master|byte_to_ssd:U2|lpm_divide:Mod1|lpm_divide_c2m:auto_generated|sign_div_unsign_fkh:divider|alt_u_div_4te:divider ; work         ;
;    |byte_to_ssd:U3|                       ; 196 (17)          ; 0 (0)        ; 0                 ; 0          ; 0    ; 0            ; |Wii_Nunchuk_Master|byte_to_ssd:U3                                                                                                 ; work         ;
;       |lpm_divide:Div0|                   ; 47 (0)            ; 0 (0)        ; 0                 ; 0          ; 0    ; 0            ; |Wii_Nunchuk_Master|byte_to_ssd:U3|lpm_divide:Div0                                                                                 ; work         ;
;          |lpm_divide_5am:auto_generated|  ; 47 (0)            ; 0 (0)        ; 0                 ; 0          ; 0    ; 0            ; |Wii_Nunchuk_Master|byte_to_ssd:U3|lpm_divide:Div0|lpm_divide_5am:auto_generated                                                   ; work         ;
;             |sign_div_unsign_bkh:divider| ; 47 (0)            ; 0 (0)        ; 0                 ; 0          ; 0    ; 0            ; |Wii_Nunchuk_Master|byte_to_ssd:U3|lpm_divide:Div0|lpm_divide_5am:auto_generated|sign_div_unsign_bkh:divider                       ; work         ;
;                |alt_u_div_sse:divider|    ; 47 (47)           ; 0 (0)        ; 0                 ; 0          ; 0    ; 0            ; |Wii_Nunchuk_Master|byte_to_ssd:U3|lpm_divide:Div0|lpm_divide_5am:auto_generated|sign_div_unsign_bkh:divider|alt_u_div_sse:divider ; work         ;
;       |lpm_divide:Div1|                   ; 24 (0)            ; 0 (0)        ; 0                 ; 0          ; 0    ; 0            ; |Wii_Nunchuk_Master|byte_to_ssd:U3|lpm_divide:Div1                                                                                 ; work         ;
;          |lpm_divide_8am:auto_generated|  ; 24 (0)            ; 0 (0)        ; 0                 ; 0          ; 0    ; 0            ; |Wii_Nunchuk_Master|byte_to_ssd:U3|lpm_divide:Div1|lpm_divide_8am:auto_generated                                                   ; work         ;
;             |sign_div_unsign_ekh:divider| ; 24 (0)            ; 0 (0)        ; 0                 ; 0          ; 0    ; 0            ; |Wii_Nunchuk_Master|byte_to_ssd:U3|lpm_divide:Div1|lpm_divide_8am:auto_generated|sign_div_unsign_ekh:divider                       ; work         ;
;                |alt_u_div_2te:divider|    ; 24 (24)           ; 0 (0)        ; 0                 ; 0          ; 0    ; 0            ; |Wii_Nunchuk_Master|byte_to_ssd:U3|lpm_divide:Div1|lpm_divide_8am:auto_generated|sign_div_unsign_ekh:divider|alt_u_div_2te:divider ; work         ;
;       |lpm_divide:Mod0|                   ; 67 (0)            ; 0 (0)        ; 0                 ; 0          ; 0    ; 0            ; |Wii_Nunchuk_Master|byte_to_ssd:U3|lpm_divide:Mod0                                                                                 ; work         ;
;          |lpm_divide_c2m:auto_generated|  ; 67 (0)            ; 0 (0)        ; 0                 ; 0          ; 0    ; 0            ; |Wii_Nunchuk_Master|byte_to_ssd:U3|lpm_divide:Mod0|lpm_divide_c2m:auto_generated                                                   ; work         ;
;             |sign_div_unsign_fkh:divider| ; 67 (0)            ; 0 (0)        ; 0                 ; 0          ; 0    ; 0            ; |Wii_Nunchuk_Master|byte_to_ssd:U3|lpm_divide:Mod0|lpm_divide_c2m:auto_generated|sign_div_unsign_fkh:divider                       ; work         ;
;                |alt_u_div_4te:divider|    ; 67 (67)           ; 0 (0)        ; 0                 ; 0          ; 0    ; 0            ; |Wii_Nunchuk_Master|byte_to_ssd:U3|lpm_divide:Mod0|lpm_divide_c2m:auto_generated|sign_div_unsign_fkh:divider|alt_u_div_4te:divider ; work         ;
;       |lpm_divide:Mod1|                   ; 41 (0)            ; 0 (0)        ; 0                 ; 0          ; 0    ; 0            ; |Wii_Nunchuk_Master|byte_to_ssd:U3|lpm_divide:Mod1                                                                                 ; work         ;
;          |lpm_divide_c2m:auto_generated|  ; 41 (0)            ; 0 (0)        ; 0                 ; 0          ; 0    ; 0            ; |Wii_Nunchuk_Master|byte_to_ssd:U3|lpm_divide:Mod1|lpm_divide_c2m:auto_generated                                                   ; work         ;
;             |sign_div_unsign_fkh:divider| ; 41 (0)            ; 0 (0)        ; 0                 ; 0          ; 0    ; 0            ; |Wii_Nunchuk_Master|byte_to_ssd:U3|lpm_divide:Mod1|lpm_divide_c2m:auto_generated|sign_div_unsign_fkh:divider                       ; work         ;
;                |alt_u_div_4te:divider|    ; 41 (41)           ; 0 (0)        ; 0                 ; 0          ; 0    ; 0            ; |Wii_Nunchuk_Master|byte_to_ssd:U3|lpm_divide:Mod1|lpm_divide_c2m:auto_generated|sign_div_unsign_fkh:divider|alt_u_div_4te:divider ; work         ;
+-------------------------------------------+-------------------+--------------+-------------------+------------+------+--------------+------------------------------------------------------------------------------------------------------------------------------------+--------------+
Note: For table entries with two numbers listed, the numbers in parentheses indicate the number of resources of the given type used by the specific entity alone. The numbers listed outside of parentheses indicate the total resources of the given type used by the specific entity and all of its sub-entities in the hierarchy.


Encoding Type:  One-Hot
+-------------------------------------------------------------------------------------------------+
; State Machine - |Wii_Nunchuk_Master|pr_state                                                    ;
+------------------+--------------+--------------+--------------+--------------+------------------+
; Name             ; pr_state.LoB ; pr_state.LoA ; pr_state.HiB ; pr_state.HiA ; pr_state.Waiting ;
+------------------+--------------+--------------+--------------+--------------+------------------+
; pr_state.Waiting ; 0            ; 0            ; 0            ; 0            ; 0                ;
; pr_state.HiA     ; 0            ; 0            ; 0            ; 1            ; 1                ;
; pr_state.HiB     ; 0            ; 0            ; 1            ; 0            ; 1                ;
; pr_state.LoA     ; 0            ; 1            ; 0            ; 0            ; 1                ;
; pr_state.LoB     ; 1            ; 0            ; 0            ; 0            ; 1                ;
+------------------+--------------+--------------+--------------+--------------+------------------+


+----------------------------------------------------------------------------------------------------+
; User-Specified and Inferred Latches                                                                ;
+-----------------------------------------------------+---------------------+------------------------+
; Latch Name                                          ; Latch Enable Signal ; Free of Timing Hazards ;
+-----------------------------------------------------+---------------------+------------------------+
; LED_Accel:U1|LED_Pattern[0]                         ; GND                 ; yes                    ;
; LED_Accel:U1|LED_Pattern[1]                         ; GND                 ; yes                    ;
; LED_Accel:U1|LED_Pattern[2]                         ; GND                 ; yes                    ;
; LED_Accel:U1|LED_Pattern[3]                         ; GND                 ; yes                    ;
; LED_Accel:U1|LED_Pattern[4]                         ; GND                 ; yes                    ;
; LED_Accel:U1|LED_Pattern[5]                         ; GND                 ; yes                    ;
; LED_Accel:U1|LED_Pattern[6]                         ; GND                 ; yes                    ;
; LED_Accel:U1|LED_Pattern[7]                         ; GND                 ; yes                    ;
; LED_Accel:U1|LED_Pattern[8]                         ; GND                 ; yes                    ;
; LED_Accel:U1|LED_Pattern[9]                         ; GND                 ; yes                    ;
; raw_data[7]                                         ; Decoder0            ; yes                    ;
; raw_data[6]                                         ; Decoder0            ; yes                    ;
; raw_data[5]                                         ; Decoder0            ; yes                    ;
; raw_data[4]                                         ; Decoder0            ; yes                    ;
; raw_data[15]                                        ; Decoder0            ; yes                    ;
; raw_data[14]                                        ; Decoder0            ; yes                    ;
; raw_data[13]                                        ; Decoder0            ; yes                    ;
; raw_data[12]                                        ; Decoder0            ; yes                    ;
; raw_data[43]                                        ; Decoder0            ; yes                    ;
; raw_data[47]                                        ; Decoder0            ; yes                    ;
; raw_data[46]                                        ; Decoder0            ; yes                    ;
; raw_data[41]                                        ; Decoder0            ; yes                    ;
; raw_data[45]                                        ; Decoder0            ; yes                    ;
; raw_data[42]                                        ; Decoder0            ; yes                    ;
; raw_data[40]                                        ; Decoder0            ; yes                    ;
; raw_data[44]                                        ; Decoder0            ; yes                    ;
; raw_data[31]                                        ; Decoder0            ; yes                    ;
; raw_data[39]                                        ; Decoder0            ; yes                    ;
; raw_data[23]                                        ; Decoder0            ; yes                    ;
; raw_data[30]                                        ; Decoder0            ; yes                    ;
; raw_data[38]                                        ; Decoder0            ; yes                    ;
; raw_data[22]                                        ; Decoder0            ; yes                    ;
; raw_data[29]                                        ; Decoder0            ; yes                    ;
; raw_data[37]                                        ; Decoder0            ; yes                    ;
; raw_data[21]                                        ; Decoder0            ; yes                    ;
; raw_data[28]                                        ; Decoder0            ; yes                    ;
; raw_data[36]                                        ; Decoder0            ; yes                    ;
; raw_data[20]                                        ; Decoder0            ; yes                    ;
; raw_data[27]                                        ; Decoder0            ; yes                    ;
; raw_data[35]                                        ; Decoder0            ; yes                    ;
; raw_data[19]                                        ; Decoder0            ; yes                    ;
; raw_data[26]                                        ; Decoder0            ; yes                    ;
; raw_data[34]                                        ; Decoder0            ; yes                    ;
; raw_data[18]                                        ; Decoder0            ; yes                    ;
; raw_data[25]                                        ; Decoder0            ; yes                    ;
; raw_data[33]                                        ; Decoder0            ; yes                    ;
; raw_data[17]                                        ; Decoder0            ; yes                    ;
; raw_data[24]                                        ; Decoder0            ; yes                    ;
; raw_data[32]                                        ; Decoder0            ; yes                    ;
; raw_data[16]                                        ; Decoder0            ; yes                    ;
; raw_data[0]                                         ; Decoder0            ; yes                    ;
; raw_data[3]                                         ; Decoder0            ; yes                    ;
; raw_data[2]                                         ; Decoder0            ; yes                    ;
; raw_data[1]                                         ; Decoder0            ; yes                    ;
; raw_data[8]                                         ; Decoder0            ; yes                    ;
; raw_data[11]                                        ; Decoder0            ; yes                    ;
; raw_data[10]                                        ; Decoder0            ; yes                    ;
; raw_data[9]                                         ; Decoder0            ; yes                    ;
; Number of user-specified and inferred latches = 58  ;                     ;                        ;
+-----------------------------------------------------+---------------------+------------------------+
Note: All latches listed above may not be present at the end of synthesis due to various synthesis optimizations.


+------------------------------------------------------+
; General Register Statistics                          ;
+----------------------------------------------+-------+
; Statistic                                    ; Value ;
+----------------------------------------------+-------+
; Total registers                              ; 36    ;
; Number of registers using Synchronous Clear  ; 25    ;
; Number of registers using Synchronous Load   ; 0     ;
; Number of registers using Asynchronous Clear ; 36    ;
; Number of registers using Asynchronous Load  ; 0     ;
; Number of registers using Clock Enable       ; 25    ;
; Number of registers using Preset             ; 0     ;
+----------------------------------------------+-------+


+---------------------------------------------------------------------------------------------------------------------------------------------------------------+
; Multiplexer Restructuring Statistics (Restructuring Performed)                                                                                                ;
+--------------------+-----------+---------------+----------------------+------------------------+------------+-------------------------------------------------+
; Multiplexer Inputs ; Bus Width ; Baseline Area ; Area if Restructured ; Saving if Restructured ; Registered ; Example Multiplexer Output                      ;
+--------------------+-----------+---------------+----------------------+------------------------+------------+-------------------------------------------------+
; 3:1                ; 6 bits    ; 12 LEs        ; 6 LEs                ; 6 LEs                  ; Yes        ; |Wii_Nunchuk_Master|DP[2]                       ;
; 3:1                ; 12 bits   ; 24 LEs        ; 0 LEs                ; 24 LEs                 ; Yes        ; |Wii_Nunchuk_Master|t[11]                       ;
; 4:1                ; 10 bits   ; 20 LEs        ; 20 LEs               ; 0 LEs                  ; No         ; |Wii_Nunchuk_Master|LED_Accel:U1|Mux2           ;
; 9:1                ; 2 bits    ; 12 LEs        ; 12 LEs               ; 0 LEs                  ; No         ; |Wii_Nunchuk_Master|LED_Accel:U1|LED_Pattern[1] ;
+--------------------+-----------+---------------+----------------------+------------------------+------------+-------------------------------------------------+


+---------------------------------------------------------------------------------+
; Parameter Settings for Inferred Entity Instance: byte_to_ssd:U2|lpm_divide:Div1 ;
+------------------------+----------------+---------------------------------------+
; Parameter Name         ; Value          ; Type                                  ;
+------------------------+----------------+---------------------------------------+
; LPM_WIDTHN             ; 8              ; Untyped                               ;
; LPM_WIDTHD             ; 7              ; Untyped                               ;
; LPM_NREPRESENTATION    ; UNSIGNED       ; Untyped                               ;
; LPM_DREPRESENTATION    ; UNSIGNED       ; Untyped                               ;
; LPM_PIPELINE           ; 0              ; Untyped                               ;
; LPM_REMAINDERPOSITIVE  ; TRUE           ; Untyped                               ;
; MAXIMIZE_SPEED         ; 5              ; Untyped                               ;
; CBXI_PARAMETER         ; lpm_divide_8am ; Untyped                               ;
; CARRY_CHAIN            ; MANUAL         ; Untyped                               ;
; OPTIMIZE_FOR_SPEED     ; 5              ; Untyped                               ;
; AUTO_CARRY_CHAINS      ; ON             ; AUTO_CARRY                            ;
; IGNORE_CARRY_BUFFERS   ; OFF            ; IGNORE_CARRY                          ;
; AUTO_CASCADE_CHAINS    ; ON             ; AUTO_CASCADE                          ;
; IGNORE_CASCADE_BUFFERS ; OFF            ; IGNORE_CASCADE                        ;
+------------------------+----------------+---------------------------------------+
Note: In order to hide this table in the UI and the text report file, please set the "Show Parameter Settings in Synthesis Report" option in "Analysis and Synthesis Settings -> More Settings" to "Off".


+---------------------------------------------------------------------------------+
; Parameter Settings for Inferred Entity Instance: byte_to_ssd:U2|lpm_divide:Mod1 ;
+------------------------+----------------+---------------------------------------+
; Parameter Name         ; Value          ; Type                                  ;
+------------------------+----------------+---------------------------------------+
; LPM_WIDTHN             ; 8              ; Untyped                               ;
; LPM_WIDTHD             ; 8              ; Untyped                               ;
; LPM_NREPRESENTATION    ; UNSIGNED       ; Untyped                               ;
; LPM_DREPRESENTATION    ; UNSIGNED       ; Untyped                               ;
; LPM_PIPELINE           ; 0              ; Untyped                               ;
; LPM_REMAINDERPOSITIVE  ; TRUE           ; Untyped                               ;
; MAXIMIZE_SPEED         ; 5              ; Untyped                               ;
; CBXI_PARAMETER         ; lpm_divide_c2m ; Untyped                               ;
; CARRY_CHAIN            ; MANUAL         ; Untyped                               ;
; OPTIMIZE_FOR_SPEED     ; 5              ; Untyped                               ;
; AUTO_CARRY_CHAINS      ; ON             ; AUTO_CARRY                            ;
; IGNORE_CARRY_BUFFERS   ; OFF            ; IGNORE_CARRY                          ;
; AUTO_CASCADE_CHAINS    ; ON             ; AUTO_CASCADE                          ;
; IGNORE_CASCADE_BUFFERS ; OFF            ; IGNORE_CASCADE                        ;
+------------------------+----------------+---------------------------------------+
Note: In order to hide this table in the UI and the text report file, please set the "Show Parameter Settings in Synthesis Report" option in "Analysis and Synthesis Settings -> More Settings" to "Off".


+---------------------------------------------------------------------------------+
; Parameter Settings for Inferred Entity Instance: byte_to_ssd:U2|lpm_divide:Div0 ;
+------------------------+----------------+---------------------------------------+
; Parameter Name         ; Value          ; Type                                  ;
+------------------------+----------------+---------------------------------------+
; LPM_WIDTHN             ; 8              ; Untyped                               ;
; LPM_WIDTHD             ; 4              ; Untyped                               ;
; LPM_NREPRESENTATION    ; UNSIGNED       ; Untyped                               ;
; LPM_DREPRESENTATION    ; UNSIGNED       ; Untyped                               ;
; LPM_PIPELINE           ; 0              ; Untyped                               ;
; LPM_REMAINDERPOSITIVE  ; TRUE           ; Untyped                               ;
; MAXIMIZE_SPEED         ; 5              ; Untyped                               ;
; CBXI_PARAMETER         ; lpm_divide_5am ; Untyped                               ;
; CARRY_CHAIN            ; MANUAL         ; Untyped                               ;
; OPTIMIZE_FOR_SPEED     ; 5              ; Untyped                               ;
; AUTO_CARRY_CHAINS      ; ON             ; AUTO_CARRY                            ;
; IGNORE_CARRY_BUFFERS   ; OFF            ; IGNORE_CARRY                          ;
; AUTO_CASCADE_CHAINS    ; ON             ; AUTO_CASCADE                          ;
; IGNORE_CASCADE_BUFFERS ; OFF            ; IGNORE_CASCADE                        ;
+------------------------+----------------+---------------------------------------+
Note: In order to hide this table in the UI and the text report file, please set the "Show Parameter Settings in Synthesis Report" option in "Analysis and Synthesis Settings -> More Settings" to "Off".


+---------------------------------------------------------------------------------+
; Parameter Settings for Inferred Entity Instance: byte_to_ssd:U2|lpm_divide:Mod0 ;
+------------------------+----------------+---------------------------------------+
; Parameter Name         ; Value          ; Type                                  ;
+------------------------+----------------+---------------------------------------+
; LPM_WIDTHN             ; 8              ; Untyped                               ;
; LPM_WIDTHD             ; 8              ; Untyped                               ;
; LPM_NREPRESENTATION    ; UNSIGNED       ; Untyped                               ;
; LPM_DREPRESENTATION    ; UNSIGNED       ; Untyped                               ;
; LPM_PIPELINE           ; 0              ; Untyped                               ;
; LPM_REMAINDERPOSITIVE  ; TRUE           ; Untyped                               ;
; MAXIMIZE_SPEED         ; 5              ; Untyped                               ;
; CBXI_PARAMETER         ; lpm_divide_c2m ; Untyped                               ;
; CARRY_CHAIN            ; MANUAL         ; Untyped                               ;
; OPTIMIZE_FOR_SPEED     ; 5              ; Untyped                               ;
; AUTO_CARRY_CHAINS      ; ON             ; AUTO_CARRY                            ;
; IGNORE_CARRY_BUFFERS   ; OFF            ; IGNORE_CARRY                          ;
; AUTO_CASCADE_CHAINS    ; ON             ; AUTO_CASCADE                          ;
; IGNORE_CASCADE_BUFFERS ; OFF            ; IGNORE_CASCADE                        ;
+------------------------+----------------+---------------------------------------+
Note: In order to hide this table in the UI and the text report file, please set the "Show Parameter Settings in Synthesis Report" option in "Analysis and Synthesis Settings -> More Settings" to "Off".


+---------------------------------------------------------------------------------+
; Parameter Settings for Inferred Entity Instance: byte_to_ssd:U3|lpm_divide:Div1 ;
+------------------------+----------------+---------------------------------------+
; Parameter Name         ; Value          ; Type                                  ;
+------------------------+----------------+---------------------------------------+
; LPM_WIDTHN             ; 8              ; Untyped                               ;
; LPM_WIDTHD             ; 7              ; Untyped                               ;
; LPM_NREPRESENTATION    ; UNSIGNED       ; Untyped                               ;
; LPM_DREPRESENTATION    ; UNSIGNED       ; Untyped                               ;
; LPM_PIPELINE           ; 0              ; Untyped                               ;
; LPM_REMAINDERPOSITIVE  ; TRUE           ; Untyped                               ;
; MAXIMIZE_SPEED         ; 5              ; Untyped                               ;
; CBXI_PARAMETER         ; lpm_divide_8am ; Untyped                               ;
; CARRY_CHAIN            ; MANUAL         ; Untyped                               ;
; OPTIMIZE_FOR_SPEED     ; 5              ; Untyped                               ;
; AUTO_CARRY_CHAINS      ; ON             ; AUTO_CARRY                            ;
; IGNORE_CARRY_BUFFERS   ; OFF            ; IGNORE_CARRY                          ;
; AUTO_CASCADE_CHAINS    ; ON             ; AUTO_CASCADE                          ;
; IGNORE_CASCADE_BUFFERS ; OFF            ; IGNORE_CASCADE                        ;
+------------------------+----------------+---------------------------------------+
Note: In order to hide this table in the UI and the text report file, please set the "Show Parameter Settings in Synthesis Report" option in "Analysis and Synthesis Settings -> More Settings" to "Off".


+---------------------------------------------------------------------------------+
; Parameter Settings for Inferred Entity Instance: byte_to_ssd:U3|lpm_divide:Mod1 ;
+------------------------+----------------+---------------------------------------+
; Parameter Name         ; Value          ; Type                                  ;
+------------------------+----------------+---------------------------------------+
; LPM_WIDTHN             ; 8              ; Untyped                               ;
; LPM_WIDTHD             ; 8              ; Untyped                               ;
; LPM_NREPRESENTATION    ; UNSIGNED       ; Untyped                               ;
; LPM_DREPRESENTATION    ; UNSIGNED       ; Untyped                               ;
; LPM_PIPELINE           ; 0              ; Untyped                               ;
; LPM_REMAINDERPOSITIVE  ; TRUE           ; Untyped                               ;
; MAXIMIZE_SPEED         ; 5              ; Untyped                               ;
; CBXI_PARAMETER         ; lpm_divide_c2m ; Untyped                               ;
; CARRY_CHAIN            ; MANUAL         ; Untyped                               ;
; OPTIMIZE_FOR_SPEED     ; 5              ; Untyped                               ;
; AUTO_CARRY_CHAINS      ; ON             ; AUTO_CARRY                            ;
; IGNORE_CARRY_BUFFERS   ; OFF            ; IGNORE_CARRY                          ;
; AUTO_CASCADE_CHAINS    ; ON             ; AUTO_CASCADE                          ;
; IGNORE_CASCADE_BUFFERS ; OFF            ; IGNORE_CASCADE                        ;
+------------------------+----------------+---------------------------------------+
Note: In order to hide this table in the UI and the text report file, please set the "Show Parameter Settings in Synthesis Report" option in "Analysis and Synthesis Settings -> More Settings" to "Off".


+---------------------------------------------------------------------------------+
; Parameter Settings for Inferred Entity Instance: byte_to_ssd:U3|lpm_divide:Div0 ;
+------------------------+----------------+---------------------------------------+
; Parameter Name         ; Value          ; Type                                  ;
+------------------------+----------------+---------------------------------------+
; LPM_WIDTHN             ; 8              ; Untyped                               ;
; LPM_WIDTHD             ; 4              ; Untyped                               ;
; LPM_NREPRESENTATION    ; UNSIGNED       ; Untyped                               ;
; LPM_DREPRESENTATION    ; UNSIGNED       ; Untyped                               ;
; LPM_PIPELINE           ; 0              ; Untyped                               ;
; LPM_REMAINDERPOSITIVE  ; TRUE           ; Untyped                               ;
; MAXIMIZE_SPEED         ; 5              ; Untyped                               ;
; CBXI_PARAMETER         ; lpm_divide_5am ; Untyped                               ;
; CARRY_CHAIN            ; MANUAL         ; Untyped                               ;
; OPTIMIZE_FOR_SPEED     ; 5              ; Untyped                               ;
; AUTO_CARRY_CHAINS      ; ON             ; AUTO_CARRY                            ;
; IGNORE_CARRY_BUFFERS   ; OFF            ; IGNORE_CARRY                          ;
; AUTO_CASCADE_CHAINS    ; ON             ; AUTO_CASCADE                          ;
; IGNORE_CASCADE_BUFFERS ; OFF            ; IGNORE_CASCADE                        ;
+------------------------+----------------+---------------------------------------+
Note: In order to hide this table in the UI and the text report file, please set the "Show Parameter Settings in Synthesis Report" option in "Analysis and Synthesis Settings -> More Settings" to "Off".


+---------------------------------------------------------------------------------+
; Parameter Settings for Inferred Entity Instance: byte_to_ssd:U3|lpm_divide:Mod0 ;
+------------------------+----------------+---------------------------------------+
; Parameter Name         ; Value          ; Type                                  ;
+------------------------+----------------+---------------------------------------+
; LPM_WIDTHN             ; 8              ; Untyped                               ;
; LPM_WIDTHD             ; 8              ; Untyped                               ;
; LPM_NREPRESENTATION    ; UNSIGNED       ; Untyped                               ;
; LPM_DREPRESENTATION    ; UNSIGNED       ; Untyped                               ;
; LPM_PIPELINE           ; 0              ; Untyped                               ;
; LPM_REMAINDERPOSITIVE  ; TRUE           ; Untyped                               ;
; MAXIMIZE_SPEED         ; 5              ; Untyped                               ;
; CBXI_PARAMETER         ; lpm_divide_c2m ; Untyped                               ;
; CARRY_CHAIN            ; MANUAL         ; Untyped                               ;
; OPTIMIZE_FOR_SPEED     ; 5              ; Untyped                               ;
; AUTO_CARRY_CHAINS      ; ON             ; AUTO_CARRY                            ;
; IGNORE_CARRY_BUFFERS   ; OFF            ; IGNORE_CARRY                          ;
; AUTO_CASCADE_CHAINS    ; ON             ; AUTO_CASCADE                          ;
; IGNORE_CASCADE_BUFFERS ; OFF            ; IGNORE_CASCADE                        ;
+------------------------+----------------+---------------------------------------+
Note: In order to hide this table in the UI and the text report file, please set the "Show Parameter Settings in Synthesis Report" option in "Analysis and Synthesis Settings -> More Settings" to "Off".


+-------------------------------+
; Elapsed Time Per Partition    ;
+----------------+--------------+
; Partition Name ; Elapsed Time ;
+----------------+--------------+
; Top            ; 00:00:03     ;
+----------------+--------------+


+-------------------------------+
; Analysis & Synthesis Messages ;
+-------------------------------+
Info: *******************************************************************
Info: Running Quartus II 64-Bit Analysis & Synthesis
    Info: Version 13.1.0 Build 162 10/23/2013 SJ Web Edition
    Info: Processing started: Tue Jun 05 18:01:14 2018
Info: Command: quartus_map --read_settings_files=on --write_settings_files=off Wii_Nunchuk_Master -c Wii_Nunchuk_Master
Warning (20028): Parallel compilation is not licensed and has been disabled
Warning (12125): Using design file wii_nunchuk_master.vhd, which is not specified as a design file for the current project, but contains definitions for 2 design units and 1 entities in project
    Info (12022): Found design unit 1: Wii_Nunchuk_Master-moore_fsm
    Info (12023): Found entity 1: Wii_Nunchuk_Master
Info (12127): Elaborating entity "Wii_Nunchuk_Master" for the top level hierarchy
Warning (10631): VHDL Process Statement warning at wii_nunchuk_master.vhd(153): inferring latch(es) for signal or variable "raw_data", which holds its previous value in one or more paths through the process
Info (10041): Inferred latch for "raw_data[47]" at wii_nunchuk_master.vhd(153)
Info (10041): Inferred latch for "raw_data[46]" at wii_nunchuk_master.vhd(153)
Info (10041): Inferred latch for "raw_data[45]" at wii_nunchuk_master.vhd(153)
Info (10041): Inferred latch for "raw_data[44]" at wii_nunchuk_master.vhd(153)
Info (10041): Inferred latch for "raw_data[43]" at wii_nunchuk_master.vhd(153)
Info (10041): Inferred latch for "raw_data[42]" at wii_nunchuk_master.vhd(153)
Info (10041): Inferred latch for "raw_data[41]" at wii_nunchuk_master.vhd(153)
Info (10041): Inferred latch for "raw_data[40]" at wii_nunchuk_master.vhd(153)
Info (10041): Inferred latch for "raw_data[39]" at wii_nunchuk_master.vhd(153)
Info (10041): Inferred latch for "raw_data[38]" at wii_nunchuk_master.vhd(153)
Info (10041): Inferred latch for "raw_data[37]" at wii_nunchuk_master.vhd(153)
Info (10041): Inferred latch for "raw_data[36]" at wii_nunchuk_master.vhd(153)
Info (10041): Inferred latch for "raw_data[35]" at wii_nunchuk_master.vhd(153)
Info (10041): Inferred latch for "raw_data[34]" at wii_nunchuk_master.vhd(153)
Info (10041): Inferred latch for "raw_data[33]" at wii_nunchuk_master.vhd(153)
Info (10041): Inferred latch for "raw_data[32]" at wii_nunchuk_master.vhd(153)
Info (10041): Inferred latch for "raw_data[31]" at wii_nunchuk_master.vhd(153)
Info (10041): Inferred latch for "raw_data[30]" at wii_nunchuk_master.vhd(153)
Info (10041): Inferred latch for "raw_data[29]" at wii_nunchuk_master.vhd(153)
Info (10041): Inferred latch for "raw_data[28]" at wii_nunchuk_master.vhd(153)
Info (10041): Inferred latch for "raw_data[27]" at wii_nunchuk_master.vhd(153)
Info (10041): Inferred latch for "raw_data[26]" at wii_nunchuk_master.vhd(153)
Info (10041): Inferred latch for "raw_data[25]" at wii_nunchuk_master.vhd(153)
Info (10041): Inferred latch for "raw_data[24]" at wii_nunchuk_master.vhd(153)
Info (10041): Inferred latch for "raw_data[23]" at wii_nunchuk_master.vhd(153)
Info (10041): Inferred latch for "raw_data[22]" at wii_nunchuk_master.vhd(153)
Info (10041): Inferred latch for "raw_data[21]" at wii_nunchuk_master.vhd(153)
Info (10041): Inferred latch for "raw_data[20]" at wii_nunchuk_master.vhd(153)
Info (10041): Inferred latch for "raw_data[19]" at wii_nunchuk_master.vhd(153)
Info (10041): Inferred latch for "raw_data[18]" at wii_nunchuk_master.vhd(153)
Info (10041): Inferred latch for "raw_data[17]" at wii_nunchuk_master.vhd(153)
Info (10041): Inferred latch for "raw_data[16]" at wii_nunchuk_master.vhd(153)
Info (10041): Inferred latch for "raw_data[15]" at wii_nunchuk_master.vhd(153)
Info (10041): Inferred latch for "raw_data[14]" at wii_nunchuk_master.vhd(153)
Info (10041): Inferred latch for "raw_data[13]" at wii_nunchuk_master.vhd(153)
Info (10041): Inferred latch for "raw_data[12]" at wii_nunchuk_master.vhd(153)
Info (10041): Inferred latch for "raw_data[11]" at wii_nunchuk_master.vhd(153)
Info (10041): Inferred latch for "raw_data[10]" at wii_nunchuk_master.vhd(153)
Info (10041): Inferred latch for "raw_data[9]" at wii_nunchuk_master.vhd(153)
Info (10041): Inferred latch for "raw_data[8]" at wii_nunchuk_master.vhd(153)
Info (10041): Inferred latch for "raw_data[7]" at wii_nunchuk_master.vhd(153)
Info (10041): Inferred latch for "raw_data[6]" at wii_nunchuk_master.vhd(153)
Info (10041): Inferred latch for "raw_data[5]" at wii_nunchuk_master.vhd(153)
Info (10041): Inferred latch for "raw_data[4]" at wii_nunchuk_master.vhd(153)
Info (10041): Inferred latch for "raw_data[3]" at wii_nunchuk_master.vhd(153)
Info (10041): Inferred latch for "raw_data[2]" at wii_nunchuk_master.vhd(153)
Info (10041): Inferred latch for "raw_data[1]" at wii_nunchuk_master.vhd(153)
Info (10041): Inferred latch for "raw_data[0]" at wii_nunchuk_master.vhd(153)
Info (10041): Inferred latch for "internal_element.STOP" at wii_nunchuk_master.vhd(153)
Info (10041): Inferred latch for "internal_element.RD" at wii_nunchuk_master.vhd(153)
Info (10041): Inferred latch for "internal_element.M_NACK" at wii_nunchuk_master.vhd(153)
Info (10041): Inferred latch for "internal_element.M_ACK" at wii_nunchuk_master.vhd(153)
Info (10041): Inferred latch for "internal_element.S_ACK" at wii_nunchuk_master.vhd(153)
Info (10041): Inferred latch for "internal_element.ZERO" at wii_nunchuk_master.vhd(153)
Info (10041): Inferred latch for "internal_element.ONE" at wii_nunchuk_master.vhd(153)
Info (10041): Inferred latch for "internal_element.START" at wii_nunchuk_master.vhd(153)
Warning (12125): Using design file led_accel.vhd, which is not specified as a design file for the current project, but contains definitions for 2 design units and 1 entities in project
    Info (12022): Found design unit 1: LED_Accel-LED_Accel_case_based
    Info (12023): Found entity 1: LED_Accel
Info (12128): Elaborating entity "LED_Accel" for hierarchy "LED_Accel:U1"
Warning (10631): VHDL Process Statement warning at led_accel.vhd(28): inferring latch(es) for signal or variable "LED_Pattern", which holds its previous value in one or more paths through the process
Info (10041): Inferred latch for "LED_Pattern[0]" at led_accel.vhd(28)
Info (10041): Inferred latch for "LED_Pattern[1]" at led_accel.vhd(28)
Info (10041): Inferred latch for "LED_Pattern[2]" at led_accel.vhd(28)
Info (10041): Inferred latch for "LED_Pattern[3]" at led_accel.vhd(28)
Info (10041): Inferred latch for "LED_Pattern[4]" at led_accel.vhd(28)
Info (10041): Inferred latch for "LED_Pattern[5]" at led_accel.vhd(28)
Info (10041): Inferred latch for "LED_Pattern[6]" at led_accel.vhd(28)
Info (10041): Inferred latch for "LED_Pattern[7]" at led_accel.vhd(28)
Info (10041): Inferred latch for "LED_Pattern[8]" at led_accel.vhd(28)
Info (10041): Inferred latch for "LED_Pattern[9]" at led_accel.vhd(28)
Warning (12125): Using design file byte_to_ssd.vhd, which is not specified as a design file for the current project, but contains definitions for 2 design units and 1 entities in project
    Info (12022): Found design unit 1: byte_to_ssd-byte_to_ssd_sequential
    Info (12023): Found entity 1: byte_to_ssd
Info (12128): Elaborating entity "byte_to_ssd" for hierarchy "byte_to_ssd:U2"
Info (278001): Inferred 8 megafunctions from design logic
    Info (278004): Inferred divider/modulo megafunction ("lpm_divide") from the following logic: "byte_to_ssd:U2|Div1"
    Info (278004): Inferred divider/modulo megafunction ("lpm_divide") from the following logic: "byte_to_ssd:U2|Mod1"
    Info (278004): Inferred divider/modulo megafunction ("lpm_divide") from the following logic: "byte_to_ssd:U2|Div0"
    Info (278004): Inferred divider/modulo megafunction ("lpm_divide") from the following logic: "byte_to_ssd:U2|Mod0"
    Info (278004): Inferred divider/modulo megafunction ("lpm_divide") from the following logic: "byte_to_ssd:U3|Div1"
    Info (278004): Inferred divider/modulo megafunction ("lpm_divide") from the following logic: "byte_to_ssd:U3|Mod1"
    Info (278004): Inferred divider/modulo megafunction ("lpm_divide") from the following logic: "byte_to_ssd:U3|Div0"
    Info (278004): Inferred divider/modulo megafunction ("lpm_divide") from the following logic: "byte_to_ssd:U3|Mod0"
Info (12130): Elaborated megafunction instantiation "byte_to_ssd:U2|lpm_divide:Div1"
Info (12133): Instantiated megafunction "byte_to_ssd:U2|lpm_divide:Div1" with the following parameter:
    Info (12134): Parameter "LPM_WIDTHN" = "8"
    Info (12134): Parameter "LPM_WIDTHD" = "7"
    Info (12134): Parameter "LPM_NREPRESENTATION" = "UNSIGNED"
    Info (12134): Parameter "LPM_DREPRESENTATION" = "UNSIGNED"
Info (12021): Found 1 design units, including 1 entities, in source file db/lpm_divide_8am.tdf
    Info (12023): Found entity 1: lpm_divide_8am
Info (12021): Found 1 design units, including 1 entities, in source file db/sign_div_unsign_ekh.tdf
    Info (12023): Found entity 1: sign_div_unsign_ekh
Info (12021): Found 1 design units, including 1 entities, in source file db/alt_u_div_2te.tdf
    Info (12023): Found entity 1: alt_u_div_2te
Info (12130): Elaborated megafunction instantiation "byte_to_ssd:U2|lpm_divide:Mod1"
Info (12133): Instantiated megafunction "byte_to_ssd:U2|lpm_divide:Mod1" with the following parameter:
    Info (12134): Parameter "LPM_WIDTHN" = "8"
    Info (12134): Parameter "LPM_WIDTHD" = "8"
    Info (12134): Parameter "LPM_NREPRESENTATION" = "UNSIGNED"
    Info (12134): Parameter "LPM_DREPRESENTATION" = "UNSIGNED"
Info (12021): Found 1 design units, including 1 entities, in source file db/lpm_divide_c2m.tdf
    Info (12023): Found entity 1: lpm_divide_c2m
Info (12021): Found 1 design units, including 1 entities, in source file db/sign_div_unsign_fkh.tdf
    Info (12023): Found entity 1: sign_div_unsign_fkh
Info (12021): Found 1 design units, including 1 entities, in source file db/alt_u_div_4te.tdf
    Info (12023): Found entity 1: alt_u_div_4te
Info (12130): Elaborated megafunction instantiation "byte_to_ssd:U2|lpm_divide:Div0"
Info (12133): Instantiated megafunction "byte_to_ssd:U2|lpm_divide:Div0" with the following parameter:
    Info (12134): Parameter "LPM_WIDTHN" = "8"
    Info (12134): Parameter "LPM_WIDTHD" = "4"
    Info (12134): Parameter "LPM_NREPRESENTATION" = "UNSIGNED"
    Info (12134): Parameter "LPM_DREPRESENTATION" = "UNSIGNED"
Info (12021): Found 1 design units, including 1 entities, in source file db/lpm_divide_5am.tdf
    Info (12023): Found entity 1: lpm_divide_5am
Info (12021): Found 1 design units, including 1 entities, in source file db/sign_div_unsign_bkh.tdf
    Info (12023): Found entity 1: sign_div_unsign_bkh
Info (12021): Found 1 design units, including 1 entities, in source file db/alt_u_div_sse.tdf
    Info (12023): Found entity 1: alt_u_div_sse
Info (12130): Elaborated megafunction instantiation "byte_to_ssd:U2|lpm_divide:Mod0"
Info (12133): Instantiated megafunction "byte_to_ssd:U2|lpm_divide:Mod0" with the following parameter:
    Info (12134): Parameter "LPM_WIDTHN" = "8"
    Info (12134): Parameter "LPM_WIDTHD" = "8"
    Info (12134): Parameter "LPM_NREPRESENTATION" = "UNSIGNED"
    Info (12134): Parameter "LPM_DREPRESENTATION" = "UNSIGNED"
Warning (13034): The following nodes have both tri-state and non-tri-state drivers
    Warning (13035): Inserted always-enabled tri-state buffer between "scl" and its non-tri-state driver.
Warning (13009): TRI or OPNDRN buffers permanently enabled
    Warning (13010): Node "scl~synth"
Warning (13024): Output pins are stuck at VCC or GND
    Warning (13410): Pin "SSD5[5]" is stuck at GND
    Warning (13410): Pin "SSD2[5]" is stuck at GND
Info (286030): Timing-Driven Synthesis is running
Info (16010): Generating hard_block partition "hard_block:auto_generated_inst"
    Info (16011): Adding 0 node(s), including 0 DDIO, 0 PLL, 0 transceiver and 0 LCELL
Info (21057): Implemented 700 device resources after synthesis - the final resource count might be different
    Info (21058): Implemented 2 input pins
    Info (21059): Implemented 52 output pins
    Info (21060): Implemented 2 bidirectional pins
    Info (21061): Implemented 644 logic cells
Info: Quartus II 64-Bit Analysis & Synthesis was successful. 0 errors, 13 warnings
    Info: Peak virtual memory: 648 megabytes
    Info: Processing ended: Tue Jun 05 18:01:21 2018
    Info: Elapsed time: 00:00:07
    Info: Total CPU time (on all processors): 00:00:07


